2025-01-03 16:09:34,884 - INFO - Script execution started.
2025-01-03 16:09:34,884 - INFO - Running metadata collection script (IQ_Agent.py)...
2025-01-03 16:09:40,705 - INFO - Metadata collection script completed successfully.
2025-01-03 16:09:40,706 - INFO - Running Streamlit app (Rules_Feed_Agnent.py)...
2025-01-03 16:09:40,714 - INFO - Waiting for the signal file 'signal_file.txt' to indicate changes have been saved...
2025-01-03 16:09:40,714 - INFO - Changes saved successfully in Streamlit app.
2025-01-03 16:09:40,715 - INFO - Terminating the Streamlit app...
2025-01-03 16:09:40,715 - INFO - Running reports generation script (reports_generation.py)...
2025-01-03 16:09:41,849 - INFO - Reports generation script completed successfully.
2025-01-03 16:09:41,849 - INFO - Running text correction script (text_correction.py)...
2025-01-03 16:09:43,254 - INFO - Text correction script completed successfully.
2025-01-03 16:09:43,254 - INFO - All steps completed successfully.
2025-01-03 16:10:48,135 - INFO - Script execution started.
2025-01-03 16:10:48,135 - INFO - Running metadata collection script (IQ_Agent.py)...
2025-01-03 16:10:53,738 - INFO - Metadata collection script completed successfully.
2025-01-03 16:10:53,738 - INFO - Running Streamlit app (Rules_Feed_Agnent.py)...
2025-01-03 16:10:53,746 - INFO - Waiting for the signal file 'signal_file.txt' to indicate changes have been saved...
2025-01-03 16:11:07,763 - INFO - Changes saved successfully in Streamlit app.
2025-01-03 16:11:07,763 - INFO - Terminating the Streamlit app...
2025-01-03 16:11:07,763 - INFO - Signal file content cleared.
2025-01-03 16:11:07,763 - INFO - Running reports generation script (reports_generation.py)...
2025-01-03 16:11:09,085 - INFO - Reports generation script completed successfully.
2025-01-03 16:11:09,085 - INFO - Running text correction script (text_correction.py)...
2025-01-03 16:11:10,475 - INFO - Text correction script completed successfully.
2025-01-03 16:11:10,475 - INFO - All steps completed successfully.
2025-01-03 16:15:16,732 - INFO - Script execution started.
2025-01-03 16:15:16,732 - INFO - Running metadata collection script (IQ_Agent.py)...
2025-01-03 16:15:28,985 - INFO - Metadata collection script completed successfully.
2025-01-03 16:15:28,985 - INFO - Running Streamlit app (Rules_Feed_Agnent.py)...
2025-01-03 16:15:28,998 - INFO - Waiting for the signal file 'signal_file.txt' to indicate changes have been saved...
2025-01-03 16:15:49,053 - INFO - Changes saved successfully in Streamlit app.
2025-01-03 16:15:49,053 - INFO - Terminating the Streamlit app...
2025-01-03 16:15:49,053 - INFO - Signal file content cleared.
2025-01-03 16:15:49,053 - INFO - Running reports generation script (reports_generation.py)...
2025-01-03 16:15:50,652 - INFO - Reports generation script completed successfully.
2025-01-03 16:15:50,652 - INFO - Running text correction script (text_correction.py)...
2025-01-03 16:15:52,161 - INFO - Text correction script completed successfully.
2025-01-03 16:15:52,161 - INFO - All steps completed successfully.
2025-01-03 16:16:48,729 - INFO - Script execution started.
2025-01-03 16:16:48,729 - INFO - Running metadata collection script (IQ_Agent.py)...
2025-01-03 16:16:54,358 - INFO - Metadata collection script completed successfully.
2025-01-03 16:16:54,358 - INFO - Running Streamlit app (Rules_Feed_Agnent.py)...
2025-01-03 16:16:54,358 - INFO - Waiting for the signal file 'signal_file.txt' to indicate changes have been saved...
2025-01-03 16:17:38,424 - INFO - Changes saved successfully in Streamlit app.
2025-01-03 16:17:38,424 - INFO - Terminating the Streamlit app...
2025-01-03 16:17:38,424 - INFO - Signal file content cleared.
2025-01-03 16:17:38,424 - INFO - Running reports generation script (reports_generation.py)...
2025-01-03 16:17:39,860 - INFO - Reports generation script completed successfully.
2025-01-03 16:17:39,860 - INFO - Running text correction script (text_correction.py)...
2025-01-03 16:17:41,337 - INFO - Text correction script completed successfully.
2025-01-03 16:17:41,337 - INFO - All steps completed successfully.
2025-01-03 16:20:01,546 - INFO - Script execution started.
2025-01-03 16:20:01,546 - INFO - Running metadata collection script (IQ_Agent.py)...
2025-01-03 16:20:07,580 - INFO - Metadata collection script completed successfully.
2025-01-03 16:20:07,580 - INFO - Running Streamlit app (Rules_Feed_Agnent.py)...
2025-01-03 16:20:07,588 - INFO - Waiting for the signal file 'signal_file.txt' to indicate changes have been saved...
2025-01-03 16:20:18,602 - INFO - Changes saved successfully in Streamlit app.
2025-01-03 16:20:18,602 - INFO - Terminating the Streamlit app...
2025-01-03 16:20:18,602 - INFO - Signal file content cleared.
2025-01-03 16:20:18,602 - INFO - Running reports generation script (reports_generation.py)...
2025-01-03 16:20:19,926 - INFO - Reports generation script completed successfully.
2025-01-03 16:20:19,927 - INFO - Running text correction script (text_correction.py)...
2025-01-03 16:20:21,356 - INFO - Text correction script completed successfully.
2025-01-03 16:20:21,356 - INFO - All steps completed successfully.
2025-01-03 16:20:58,994 - INFO - Script execution started.
2025-01-03 16:20:58,994 - INFO - Running metadata collection script (IQ_Agent.py)...
2025-01-03 16:21:05,369 - INFO - Metadata collection script completed successfully.
2025-01-03 16:21:05,369 - INFO - Running Streamlit app (Rules_Feed_Agnent.py)...
2025-01-03 16:21:05,378 - INFO - Waiting for the signal file 'signal_file.txt' to indicate changes have been saved...
2025-01-03 16:25:12,730 - INFO - Changes saved successfully in Streamlit app.
2025-01-03 16:25:12,730 - INFO - Terminating the Streamlit app...
2025-01-03 16:25:12,737 - INFO - Signal file content cleared.
2025-01-03 16:25:12,737 - INFO - Running reports generation script (reports_generation.py)...
2025-01-03 16:25:14,158 - INFO - Reports generation script completed successfully.
2025-01-03 16:25:14,158 - INFO - Running text correction script (text_correction.py)...
2025-01-03 16:25:15,689 - INFO - Text correction script completed successfully.
2025-01-03 16:25:15,689 - INFO - All steps completed successfully.
2025-01-03 16:25:42,531 - INFO - Script execution started.
2025-01-03 16:25:42,531 - INFO - Running metadata collection script (IQ_Agent.py)...
2025-01-03 16:25:48,120 - INFO - Metadata collection script completed successfully.
2025-01-03 16:25:48,120 - INFO - Running Streamlit app (Rules_Feed_Agnent.py)...
2025-01-03 16:25:48,129 - INFO - Waiting for the signal file 'signal_file.txt' to indicate changes have been saved...
2025-01-03 16:26:05,158 - INFO - Changes saved successfully in Streamlit app.
2025-01-03 16:26:05,159 - INFO - Terminating the Streamlit app...
2025-01-03 16:26:05,162 - INFO - Signal file content cleared.
2025-01-03 16:26:05,162 - INFO - Running reports generation script (reports_generation.py)...
2025-01-03 16:26:06,660 - INFO - Reports generation script completed successfully.
2025-01-03 16:26:06,660 - INFO - Running text correction script (text_correction.py)...
2025-01-03 16:26:08,225 - INFO - Text correction script completed successfully.
2025-01-03 16:26:08,225 - INFO - All steps completed successfully.
2025-01-03 18:20:08,477 - INFO - Script execution started.
2025-01-03 18:20:08,478 - INFO - Running metadata collection script (IQ_Agent.py)...
2025-01-03 18:20:26,074 - INFO - Metadata collection script completed successfully.
2025-01-03 18:20:26,074 - INFO - Running Streamlit app (Rules_Feed_Agnent.py)...
2025-01-03 18:20:26,097 - INFO - Waiting for the signal file 'signal_file.txt' to indicate changes have been saved...
2025-01-03 18:22:11,410 - INFO - Script execution started.
2025-01-03 18:22:11,410 - INFO - Running metadata collection script (IQ_Agent.py)...
2025-01-03 18:22:23,072 - INFO - Metadata collection script completed successfully.
2025-01-03 18:22:23,072 - INFO - Running Streamlit app (Rules_Feed_Agnent.py)...
2025-01-03 18:22:23,086 - INFO - Waiting for the signal file 'signal_file.txt' to indicate changes have been saved...
2025-01-03 18:24:53,185 - INFO - Changes saved successfully in Streamlit app.
2025-01-03 18:24:53,185 - INFO - Terminating the Streamlit app...
2025-01-03 18:24:53,190 - INFO - Signal file content cleared.
2025-01-03 18:24:53,190 - INFO - Running reports generation script (reports_generation.py)...
2025-01-03 18:24:56,016 - INFO - Reports generation script completed successfully.
2025-01-03 18:24:56,016 - INFO - Running text correction script (text_correction.py)...
2025-01-03 18:24:58,944 - INFO - Text correction script completed successfully.
2025-01-03 18:24:58,944 - INFO - All steps completed successfully.
2025-01-03 18:26:41,928 - INFO - Script execution started.
2025-01-03 18:26:41,929 - INFO - Running metadata collection script (IQ_Agent.py)...
2025-01-03 18:26:53,992 - INFO - Metadata collection script completed successfully.
2025-01-03 18:26:53,992 - INFO - Running Streamlit app (Rules_Feed_Agnent.py)...
2025-01-03 18:26:54,006 - INFO - Waiting for the signal file 'signal_file.txt' to indicate changes have been saved...
2025-01-03 18:29:54,034 - INFO - Changes saved successfully in Streamlit app.
2025-01-03 18:29:54,034 - INFO - Terminating the Streamlit app...
2025-01-03 18:29:54,036 - INFO - Signal file content cleared.
2025-01-03 18:29:54,036 - INFO - Running reports generation script (reports_generation.py)...
2025-01-03 18:29:56,697 - INFO - Reports generation script completed successfully.
2025-01-03 18:29:56,697 - INFO - Running text correction script (text_correction.py)...
2025-01-03 18:29:59,686 - INFO - Text correction script completed successfully.
2025-01-03 18:29:59,686 - INFO - All steps completed successfully.
2025-01-03 18:38:12,073 - INFO - Script execution started.
2025-01-03 18:38:12,074 - INFO - Running metadata collection script (IQ_Agent.py)...
2025-01-03 18:38:27,354 - INFO - Metadata collection script completed successfully.
2025-01-03 18:38:27,354 - INFO - Running Streamlit app (Rules_Feed_Agnent.py)...
2025-01-03 18:38:27,375 - INFO - Waiting for the signal file 'signal_file.txt' to indicate changes have been saved...
2025-01-03 18:41:57,409 - INFO - Changes saved successfully in Streamlit app.
2025-01-03 18:41:57,410 - INFO - Terminating the Streamlit app...
2025-01-03 18:41:57,414 - INFO - Signal file content cleared.
2025-01-03 18:41:57,414 - INFO - Running reports generation script (reports_generation.py)...
2025-01-03 18:42:00,312 - INFO - Reports generation script completed successfully.
2025-01-03 18:42:00,313 - INFO - Running text correction script (text_correction.py)...
2025-01-03 18:42:03,914 - INFO - Text correction script completed successfully.
2025-01-03 18:42:03,914 - INFO - All steps completed successfully.
2025-01-03 18:42:03,914 - INFO - Running reports generation script (Curated_Reports_Generation.py)...
2025-01-03 18:42:06,162 - INFO - Reports generation script completed successfully.
2025-01-03 19:34:56,499 - INFO - Script execution started.
2025-01-03 19:34:56,499 - INFO - Running metadata collection script (IQ_Agent.py)...
2025-01-03 19:35:11,938 - INFO - Metadata collection script completed successfully.
2025-01-03 19:35:11,938 - INFO - Running Streamlit app (Rules_Feed_Agnent.py)...
2025-01-03 19:35:11,948 - INFO - Waiting for the signal file 'signal_file.txt' to indicate changes have been saved...
2025-01-03 19:37:26,979 - INFO - Changes saved successfully in Streamlit app.
2025-01-03 19:37:26,979 - INFO - Terminating the Streamlit app...
2025-01-03 19:37:26,980 - INFO - Signal file content cleared.
2025-01-03 19:37:26,981 - INFO - Running reports generation script (reports_generation.py)...
2025-01-03 19:37:27,224 - ERROR - Error running reports generation script: Command '['python', 'Analyze_Agent.py.py']' returned non-zero exit status 2.
2025-01-03 19:39:23,655 - INFO - Script execution started.
2025-01-03 19:39:23,655 - INFO - Running metadata collection script (IQ_Agent.py)...
2025-01-03 19:39:38,981 - INFO - Metadata collection script completed successfully.
2025-01-03 19:39:38,981 - INFO - Running Streamlit app (Rules_Feed_Agnent.py)...
2025-01-03 19:39:38,989 - INFO - Waiting for the signal file 'signal_file.txt' to indicate changes have been saved...
2025-01-03 19:41:09,002 - INFO - Changes saved successfully in Streamlit app.
2025-01-03 19:41:09,003 - INFO - Terminating the Streamlit app...
2025-01-03 19:41:09,005 - INFO - Signal file content cleared.
2025-01-03 19:41:09,005 - INFO - Running reports generation script (reports_generation.py)...
2025-01-03 19:41:09,092 - ERROR - Error running reports generation script: Command '['python', 'Analyze_Agent.py.py']' returned non-zero exit status 2.
2025-01-03 19:42:13,426 - INFO - Script execution started.
2025-01-03 19:42:13,426 - INFO - Running metadata collection script (IQ_Agent.py)...
2025-01-03 19:42:20,304 - INFO - Metadata collection script completed successfully.
2025-01-03 19:42:20,304 - INFO - Running Streamlit app (Rules_Feed_Agnent.py)...
2025-01-03 19:42:20,319 - INFO - Waiting for the signal file 'signal_file.txt' to indicate changes have been saved...
2025-01-03 19:43:50,330 - INFO - Changes saved successfully in Streamlit app.
2025-01-03 19:43:50,330 - INFO - Terminating the Streamlit app...
2025-01-03 19:43:50,333 - INFO - Signal file content cleared.
2025-01-03 19:43:50,333 - INFO - Running reports generation script (reports_generation.py)...
2025-01-03 19:43:52,119 - INFO - Reports generation script completed successfully.
2025-01-03 19:43:52,119 - INFO - Running text correction script (text_correction.py)...
2025-01-03 19:43:54,216 - INFO - Text correction script completed successfully.
2025-01-03 19:43:54,216 - INFO - All steps completed successfully.
2025-01-03 19:43:54,218 - INFO - Running reports generation script (Curated_Reports_Generation.py)...
2025-01-03 19:43:55,599 - INFO - Reports generation script completed successfully.
2025-01-03 20:28:46,919 - INFO - Script execution started.
2025-01-03 20:28:46,919 - INFO - Running metadata collection script (IQ_Agent.py)...
2025-01-03 20:29:02,311 - INFO - Metadata collection script completed successfully.
2025-01-03 20:29:02,311 - INFO - Running Streamlit app (Rules_Feed_Agnent.py)...
2025-01-03 20:29:02,335 - INFO - Waiting for the signal file 'signal_file.txt' to indicate changes have been saved...
2025-01-03 20:48:11,255 - INFO - Script execution started.
2025-01-03 20:48:11,255 - INFO - Running metadata collection script (IQ_Agent.py)...
2025-01-03 20:48:31,403 - INFO - Metadata collection script completed successfully.
2025-01-03 20:48:31,403 - INFO - Running Streamlit app (Rules_Feed_Agnent.py)...
2025-01-03 20:48:31,419 - INFO - Waiting for the signal file 'signal_file.txt' to indicate changes have been saved...
2025-01-03 20:53:16,514 - INFO - Changes saved successfully in Streamlit app.
2025-01-03 20:53:16,514 - INFO - Terminating the Streamlit app...
2025-01-03 20:53:16,518 - INFO - Signal file content cleared.
2025-01-03 20:53:16,518 - INFO - Running reports generation script (reports_generation.py)...
2025-01-03 20:53:19,846 - INFO - Reports generation script completed successfully.
2025-01-03 20:53:19,847 - INFO - Running text correction script (text_correction.py)...
2025-01-03 20:53:23,930 - INFO - Text correction script completed successfully.
2025-01-03 20:53:23,931 - INFO - All steps completed successfully.
2025-01-03 20:53:23,931 - INFO - Running reports generation script (Curated_Reports_Generation.py)...
2025-01-03 20:53:28,099 - INFO - Reports generation script completed successfully.
2025-01-06 14:41:53,214 - INFO - Script execution started.
2025-01-06 14:41:53,214 - INFO - Running metadata collection script (IQ_Agent.py)...
2025-01-06 14:42:12,410 - INFO - Metadata collection script completed successfully.
2025-01-06 14:42:12,410 - INFO - Running Streamlit app (Rules_Feed_Agnent.py)...
2025-01-06 14:42:12,424 - INFO - Waiting for the signal file 'signal_file.txt' to indicate changes have been saved...
2025-01-06 14:43:12,480 - INFO - Changes saved successfully in Streamlit app.
2025-01-06 14:43:12,480 - INFO - Terminating the Streamlit app...
2025-01-06 14:43:12,488 - INFO - Signal file content cleared.
2025-01-06 14:43:12,488 - INFO - Running reports generation script (reports_generation.py)...
2025-01-06 14:43:14,903 - INFO - Reports generation script completed successfully.
2025-01-06 14:43:14,903 - INFO - Running text correction script (text_correction.py)...
2025-01-06 14:43:17,914 - INFO - Text correction script completed successfully.
2025-01-06 14:43:17,914 - INFO - All steps completed successfully.
2025-01-06 14:43:17,914 - INFO - Running reports generation script (Curated_Reports_Generation.py)...
2025-01-06 14:43:20,145 - INFO - Reports generation script completed successfully.
2025-01-06 14:51:37,062 - INFO - Script execution started.
2025-01-06 14:51:37,067 - INFO - Running metadata collection script (IQ_Agent.py)...
2025-01-06 14:51:54,433 - INFO - Metadata collection script completed successfully.
2025-01-06 14:51:54,433 - INFO - Running Streamlit app (Rules_Feed_Agnent.py)...
2025-01-06 14:51:54,442 - INFO - Waiting for the signal file 'signal_file.txt' to indicate changes have been saved...
2025-01-06 14:53:39,472 - INFO - Changes saved successfully in Streamlit app.
2025-01-06 14:53:39,472 - INFO - Terminating the Streamlit app...
2025-01-06 14:53:39,474 - INFO - Signal file content cleared.
2025-01-06 14:53:39,474 - INFO - Running reports generation script (reports_generation.py)...
2025-01-06 14:53:41,701 - INFO - Reports generation script completed successfully.
2025-01-06 14:53:41,701 - INFO - Running text correction script (text_correction.py)...
2025-01-06 14:53:44,627 - INFO - Text correction script completed successfully.
2025-01-06 14:53:44,627 - INFO - All steps completed successfully.
2025-01-06 14:53:44,627 - INFO - Running reports generation script (Curated_Reports_Generation.py)...
2025-01-06 14:53:47,256 - INFO - Reports generation script completed successfully.
2025-01-06 15:24:53,621 - INFO - Script execution started.
2025-01-06 15:24:53,621 - INFO - Running metadata collection script (IQ_Agent.py)...
2025-01-06 15:25:14,811 - INFO - Metadata collection script completed successfully.
2025-01-06 15:25:14,811 - INFO - Running Streamlit app (Rules_Feed_Agnent.py)...
2025-01-06 15:25:14,830 - INFO - Waiting for the signal file 'signal_file.txt' to indicate changes have been saved...
2025-01-06 15:43:59,962 - INFO - Changes saved successfully in Streamlit app.
2025-01-06 15:43:59,963 - INFO - Terminating the Streamlit app...
2025-01-06 15:43:59,966 - INFO - Signal file content cleared.
2025-01-06 15:43:59,966 - INFO - Running reports generation script (reports_generation.py)...
2025-01-06 15:44:04,333 - INFO - Reports generation script completed successfully.
2025-01-06 15:44:04,333 - INFO - Running text correction script (text_correction.py)...
2025-01-06 15:44:09,262 - INFO - Text correction script completed successfully.
2025-01-06 15:44:09,263 - INFO - All steps completed successfully.
2025-01-06 15:44:09,263 - INFO - Running reports generation script (Curated_Reports_Generation.py)...
2025-01-06 15:44:13,226 - INFO - Reports generation script completed successfully.
2025-01-06 17:11:44,744 - INFO - Script execution started.
2025-01-06 17:11:44,744 - INFO - Running metadata collection script (IQ_Agent.py)...
2025-01-06 17:12:00,051 - INFO - Metadata collection script completed successfully.
2025-01-06 17:12:00,051 - INFO - Running Streamlit app (Rules_Feed_Agnent.py)...
2025-01-06 17:12:00,059 - INFO - Waiting for the signal file 'signal_file.txt' to indicate changes have been saved...
2025-01-06 17:12:15,094 - INFO - Changes saved successfully in Streamlit app.
2025-01-06 17:12:15,094 - INFO - Terminating the Streamlit app...
2025-01-06 17:12:15,096 - INFO - Signal file content cleared.
2025-01-06 17:12:15,096 - INFO - Running reports generation script (reports_generation.py)...
2025-01-06 17:12:17,172 - INFO - Reports generation script completed successfully.
2025-01-06 17:12:17,172 - INFO - Running text correction script (text_correction.py)...
2025-01-06 17:12:20,175 - INFO - Text correction script completed successfully.
2025-01-06 17:12:20,175 - INFO - All steps completed successfully.
2025-01-06 17:12:20,175 - INFO - Running reports generation script (Curated_Reports_Generation.py)...
2025-01-06 17:12:22,281 - INFO - Reports generation script completed successfully.
2025-01-06 17:56:20,809 - INFO - Script execution started.
2025-01-06 17:56:20,810 - INFO - Running metadata collection script (IQ_Agent.py)...
2025-01-06 17:56:57,866 - INFO - Metadata collection script completed successfully.
2025-01-06 17:56:57,867 - INFO - Running Streamlit app (Rules_Feed_Agnent.py)...
2025-01-06 17:56:57,892 - INFO - Waiting for the signal file 'signal_file.txt' to indicate changes have been saved...
2025-01-06 17:57:12,938 - INFO - Changes saved successfully in Streamlit app.
2025-01-06 17:57:12,938 - INFO - Terminating the Streamlit app...
2025-01-06 17:57:12,961 - INFO - Signal file content cleared.
2025-01-06 17:57:12,962 - INFO - Running reports generation script (reports_generation.py)...
2025-01-06 17:57:18,763 - INFO - Reports generation script completed successfully.
2025-01-06 17:57:18,763 - INFO - Running text correction script (text_correction.py)...
2025-01-06 17:57:22,988 - INFO - Text correction script completed successfully.
2025-01-06 17:57:22,988 - INFO - All steps completed successfully.
2025-01-06 17:57:22,988 - INFO - Running reports generation script (Curated_Reports_Generation.py)...
2025-01-06 17:57:26,376 - INFO - Reports generation script completed successfully.
2025-01-07 17:08:14,273 - INFO - Script execution started.
2025-01-07 17:08:14,273 - INFO - Running metadata collection script (IQ_Agent.py)...
2025-01-07 17:26:27,753 - INFO - Script execution started.
2025-01-07 17:26:27,753 - INFO - Running metadata collection script (IQ_Agent.py)...
2025-01-07 18:23:25,782 - INFO - Script execution started.
2025-01-07 18:23:25,782 - INFO - Running metadata collection script (IQ_Agent.py)...
2025-01-07 18:24:02,656 - ERROR - Error running metadata collection script: Command '['python', 'IQ_Agent.py']' returned non-zero exit status 1.
2025-01-07 18:24:09,531 - INFO - Script execution started.
2025-01-07 18:24:09,531 - INFO - Running metadata collection script (IQ_Agent.py)...
2025-01-07 18:24:31,677 - ERROR - Error running metadata collection script: Command '['python', 'IQ_Agent.py']' returned non-zero exit status 1.
2025-01-07 18:25:29,260 - INFO - Script execution started.
2025-01-07 18:25:29,261 - INFO - Running metadata collection script (IQ_Agent.py)...
2025-01-07 18:25:57,001 - INFO - Metadata collection script completed successfully.
2025-01-07 18:25:57,001 - INFO - Running Streamlit app (Rules_Feed_Agnent.py)...
2025-01-07 18:25:57,034 - INFO - Waiting for the signal file 'signal_file.txt' to indicate changes have been saved...
2025-01-07 18:32:12,151 - INFO - Changes saved successfully in Streamlit app.
2025-01-07 18:32:12,151 - INFO - Terminating the Streamlit app...
2025-01-07 18:32:12,183 - INFO - Signal file content cleared.
2025-01-07 18:32:12,183 - INFO - Running reports generation script (reports_generation.py)...
2025-01-07 18:32:15,646 - INFO - Reports generation script completed successfully.
2025-01-07 18:32:15,646 - INFO - Running text correction script (text_correction.py)...
2025-01-07 18:32:47,093 - INFO - Text correction script completed successfully.
2025-01-07 18:32:47,094 - INFO - All steps completed successfully.
2025-01-07 18:32:47,094 - INFO - Running reports generation script (Curated_Reports_Generation.py)...
2025-01-07 18:32:49,839 - INFO - Reports generation script completed successfully.
2025-01-07 20:24:13,543 - INFO - Script execution started.
2025-01-07 20:24:13,544 - INFO - Running metadata collection script (IQ_Agent.py)...
2025-01-07 20:24:56,726 - INFO - Metadata collection script completed successfully.
2025-01-07 20:24:56,726 - INFO - Running Streamlit app (Rules_Feed_Agnent.py)...
2025-01-07 20:24:56,736 - INFO - Waiting for the signal file 'signal_file.txt' to indicate changes have been saved...
2025-01-07 20:25:26,758 - INFO - Changes saved successfully in Streamlit app.
2025-01-07 20:25:26,759 - INFO - Terminating the Streamlit app...
2025-01-07 20:25:26,761 - INFO - Signal file content cleared.
2025-01-07 20:25:26,761 - INFO - Running reports generation script (reports_generation.py)...
2025-01-07 20:25:32,767 - INFO - Reports generation script completed successfully.
2025-01-07 20:25:32,767 - INFO - Running text correction script (text_correction.py)...
2025-01-07 20:25:46,641 - INFO - Text correction script completed successfully.
2025-01-07 20:25:46,641 - INFO - All steps completed successfully.
2025-01-07 20:25:46,642 - INFO - Running reports generation script (Curated_Reports_Generation.py)...
2025-01-07 20:25:50,691 - INFO - Reports generation script completed successfully.
2025-01-07 20:58:11,471 - INFO - Script execution started.
2025-01-07 20:58:11,471 - INFO - Running metadata collection script (IQ_Agent.py)...
2025-01-07 20:58:58,736 - INFO - Metadata collection script completed successfully.
2025-01-07 20:58:58,736 - INFO - Running Streamlit app (Rules_Feed_Agnent.py)...
2025-01-07 20:58:58,749 - INFO - Waiting for the signal file 'signal_file.txt' to indicate changes have been saved...
2025-01-07 20:59:13,772 - INFO - Changes saved successfully in Streamlit app.
2025-01-07 20:59:13,772 - INFO - Terminating the Streamlit app...
2025-01-07 20:59:13,778 - INFO - Signal file content cleared.
2025-01-07 20:59:13,778 - INFO - Running reports generation script (reports_generation.py)...
2025-01-07 20:59:21,593 - INFO - Reports generation script completed successfully.
2025-01-07 20:59:21,593 - INFO - Running text correction script (text_correction.py)...
2025-01-07 20:59:33,779 - INFO - Text correction script completed successfully.
2025-01-07 20:59:33,779 - INFO - All steps completed successfully.
2025-01-07 20:59:33,779 - INFO - Running reports generation script (Curated_Reports_Generation.py)...
2025-01-07 20:59:38,978 - INFO - Reports generation script completed successfully.
2025-01-07 21:13:23,492 - INFO - Script execution started.
2025-01-07 21:13:23,492 - INFO - Running metadata collection script (IQ_Agent.py)...
2025-01-07 21:14:16,310 - INFO - Metadata collection script completed successfully.
2025-01-07 21:14:16,310 - INFO - Running Streamlit app (Rules_Feed_Agnent.py)...
2025-01-07 21:14:16,325 - INFO - Waiting for the signal file 'signal_file.txt' to indicate changes have been saved...
2025-01-07 21:15:01,354 - INFO - Changes saved successfully in Streamlit app.
2025-01-07 21:15:01,354 - INFO - Terminating the Streamlit app...
2025-01-07 21:15:01,356 - INFO - Signal file content cleared.
2025-01-07 21:15:01,357 - INFO - Running reports generation script (reports_generation.py)...
2025-01-07 21:15:08,191 - INFO - Reports generation script completed successfully.
2025-01-07 21:15:08,191 - INFO - Running text correction script (text_correction.py)...
2025-01-07 21:15:25,344 - INFO - Text correction script completed successfully.
2025-01-07 21:15:25,344 - INFO - All steps completed successfully.
2025-01-07 21:15:25,344 - INFO - Running reports generation script (Curated_Reports_Generation.py)...
2025-01-07 21:15:32,024 - INFO - Reports generation script completed successfully.
2025-01-08 11:49:24,515 - INFO - Script execution started.
2025-01-08 11:49:24,515 - INFO - Running metadata collection script (IQ_Agent.py)...
2025-01-08 11:50:52,516 - INFO - Metadata collection script completed successfully.
2025-01-08 11:50:52,516 - INFO - Running Streamlit app (Rules_Feed_Agnent.py)...
2025-01-08 11:50:52,525 - INFO - Waiting for the signal file 'signal_file.txt' to indicate changes have been saved...
2025-01-08 12:04:37,252 - INFO - Script execution started.
2025-01-08 12:04:37,252 - INFO - Running metadata collection script (IQ_Agent.py)...
2025-01-08 12:05:24,416 - INFO - Metadata collection script completed successfully.
2025-01-08 12:05:24,416 - INFO - Running Streamlit app (Rules_Feed_Agnent.py)...
2025-01-08 12:05:24,425 - INFO - Waiting for the signal file 'signal_file.txt' to indicate changes have been saved...
2025-01-08 12:05:39,450 - INFO - Changes saved successfully in Streamlit app.
2025-01-08 12:05:39,450 - INFO - Terminating the Streamlit app...
2025-01-08 12:05:39,453 - INFO - Signal file content cleared.
2025-01-08 12:05:39,453 - INFO - Running reports generation script (reports_generation.py)...
2025-01-08 12:05:45,628 - INFO - Reports generation script completed successfully.
2025-01-08 12:05:45,628 - INFO - Running text correction script (Correction_Agent.py)...
2025-01-08 12:05:58,171 - INFO - Text correction script completed successfully.
2025-01-08 12:05:58,171 - INFO - All steps completed successfully.
2025-01-08 12:05:58,171 - INFO - Running reports generation script (Curated_Reports_Generation.py)...
2025-01-08 12:06:04,176 - INFO - Reports generation script completed successfully.
